Determining if the pthread_create exist failed with the following output:
Change Dir: /home/piyush/catkin_ws/build/CMakeFiles/CMakeTmp

Run Build Command:/usr/bin/make "cmTryCompileExec2929768369/fast"
/usr/bin/make -f CMakeFiles/cmTryCompileExec2929768369.dir/build.make CMakeFiles/cmTryCompileExec2929768369.dir/build
make[1]: Entering directory `/home/piyush/catkin_ws/build/CMakeFiles/CMakeTmp'
/usr/bin/cmake -E cmake_progress_report /home/piyush/catkin_ws/build/CMakeFiles/CMakeTmp/CMakeFiles 1
Building C object CMakeFiles/cmTryCompileExec2929768369.dir/CheckSymbolExists.c.o
/usr/bin/cc    -o CMakeFiles/cmTryCompileExec2929768369.dir/CheckSymbolExists.c.o   -c /home/piyush/catkin_ws/build/CMakeFiles/CMakeTmp/CheckSymbolExists.c
Linking C executable cmTryCompileExec2929768369
/usr/bin/cmake -E cmake_link_script CMakeFiles/cmTryCompileExec2929768369.dir/link.txt --verbose=1
/usr/bin/cc       CMakeFiles/cmTryCompileExec2929768369.dir/CheckSymbolExists.c.o  -o cmTryCompileExec2929768369 -rdynamic 
CMakeFiles/cmTryCompileExec2929768369.dir/CheckSymbolExists.c.o: In function `main':
CheckSymbolExists.c:(.text+0x16): undefined reference to `pthread_create'
collect2: error: ld returned 1 exit status
make[1]: *** [cmTryCompileExec2929768369] Error 1
make[1]: Leaving directory `/home/piyush/catkin_ws/build/CMakeFiles/CMakeTmp'
make: *** [cmTryCompileExec2929768369/fast] Error 2

File /home/piyush/catkin_ws/build/CMakeFiles/CMakeTmp/CheckSymbolExists.c:
/* */
#include <pthread.h>

int main(int argc, char** argv)
{
  (void)argv;
#ifndef pthread_create
  return ((int*)(&pthread_create))[argc];
#else
  (void)argc;
  return 0;
#endif
}

Determining if the function pthread_create exists in the pthreads failed with the following output:
Change Dir: /home/piyush/catkin_ws/build/CMakeFiles/CMakeTmp

Run Build Command:/usr/bin/make "cmTryCompileExec1564278125/fast"
/usr/bin/make -f CMakeFiles/cmTryCompileExec1564278125.dir/build.make CMakeFiles/cmTryCompileExec1564278125.dir/build
make[1]: Entering directory `/home/piyush/catkin_ws/build/CMakeFiles/CMakeTmp'
/usr/bin/cmake -E cmake_progress_report /home/piyush/catkin_ws/build/CMakeFiles/CMakeTmp/CMakeFiles 1
Building C object CMakeFiles/cmTryCompileExec1564278125.dir/CheckFunctionExists.c.o
/usr/bin/cc   -DCHECK_FUNCTION_EXISTS=pthread_create   -o CMakeFiles/cmTryCompileExec1564278125.dir/CheckFunctionExists.c.o   -c /usr/share/cmake-2.8/Modules/CheckFunctionExists.c
Linking C executable cmTryCompileExec1564278125
/usr/bin/cmake -E cmake_link_script CMakeFiles/cmTryCompileExec1564278125.dir/link.txt --verbose=1
/usr/bin/cc   -DCHECK_FUNCTION_EXISTS=pthread_create    CMakeFiles/cmTryCompileExec1564278125.dir/CheckFunctionExists.c.o  -o cmTryCompileExec1564278125 -rdynamic -lpthreads 
/usr/bin/ld: cannot find -lpthreads
collect2: error: ld returned 1 exit status
make[1]: Leaving directory `/home/piyush/catkin_ws/build/CMakeFiles/CMakeTmp'
make[1]: *** [cmTryCompileExec1564278125] Error 1
make: *** [cmTryCompileExec1564278125/fast] Error 2


Performing C++ SOURCE FILE Test COMPILER_SUPPORTS_STD_CXX14 failed with the following output:
Change Dir: /home/piyush/catkin_ws/build/CMakeFiles/CMakeTmp

Run Build Command:/usr/bin/make "cmTryCompileExec1041451916/fast"
/usr/bin/make -f CMakeFiles/cmTryCompileExec1041451916.dir/build.make CMakeFiles/cmTryCompileExec1041451916.dir/build
make[1]: Entering directory `/home/piyush/catkin_ws/build/CMakeFiles/CMakeTmp'
/usr/bin/cmake -E cmake_progress_report /home/piyush/catkin_ws/build/CMakeFiles/CMakeTmp/CMakeFiles 1
Building CXX object CMakeFiles/cmTryCompileExec1041451916.dir/src.cxx.o
/usr/bin/c++    -DCOMPILER_SUPPORTS_STD_CXX14   -std=c++14 -o CMakeFiles/cmTryCompileExec1041451916.dir/src.cxx.o -c /home/piyush/catkin_ws/build/CMakeFiles/CMakeTmp/src.cxx
c++: error: unrecognized command line option '-std=c++14'
make[1]: *** [CMakeFiles/cmTryCompileExec1041451916.dir/src.cxx.o] Error 1
make[1]: Leaving directory `/home/piyush/catkin_ws/build/CMakeFiles/CMakeTmp'
make: *** [cmTryCompileExec1041451916/fast] Error 2

Source file was:
int main() { return 0;}
